[17:02:31] [main/INFO] [LaunchWrapper]: Loading tweak class name net.minecraftforge.fml.common.launcher.FMLServerTweaker
[17:02:31] [main/INFO] [LaunchWrapper]: Using primary tweak class name net.minecraftforge.fml.common.launcher.FMLServerTweaker
[17:02:31] [main/INFO] [LaunchWrapper]: Calling tweak class net.minecraftforge.fml.common.launcher.FMLServerTweaker
[17:02:31] [main/INFO] [FML]: Forge Mod Loader version 14.23.5.2855 for Minecraft 1.12.2 loading
[17:02:31] [main/INFO] [FML]: Java is Java HotSpot(TM) 64-Bit Server VM, version 1.8.0_281, running on Windows 10:amd64:10.0, installed at C:\Program Files\Java\jre1.8.0_281
[17:02:31] [main/INFO] [FML]: Searching C:\Users\Rayen\Documents\GitHub\RLCraftLego2\.\mods for mods
[17:02:31] [main/WARN] [FML]: The coremod org.minimallycorrect.libloader.LibLoader does not have a MCVersion annotation, it may cause issues with this version of Minecraft
[17:02:31] [main/WARN] [FML]: The coremod LibLoader (org.minimallycorrect.libloader.LibLoader) is not signed!
[17:02:31] [main/INFO] [LibLoader]: Found libs:
[com.eclipsesource.minimal-json.minimal-json-0.9.4
org.javassist.javassist-3.22.0-CR1
org.minimallycorrect.modpatcher.ModPatcher-1.12-SNAPSHOT
org.minimallycorrect.mixin.Mixin-1.0-SNAPSHOT
com.github.javaparser.javaparser-core-3.2.4
org.json.json-20090211
me.nallar.whocalled.WhoCalled-1.1
me.nallar.JavaPatcher-1.8
org.minimallycorrect.javatransformer.JavaTransformer-1.8.3]
[17:02:31] [main/WARN] [FML]: Found FMLCorePluginContainsFMLMod marker in Aroma1997Core-1.12.2-2.0.0.2.jar. This is not recommended, @Mods should be in a separate jar from the coremod.
[17:02:31] [main/WARN] [FML]: The coremod aroma1997.core.coremod.CoreMod does not have a MCVersion annotation, it may cause issues with this version of Minecraft
[17:02:32] [main/WARN] [FML]: Found FMLCorePluginContainsFMLMod marker in BetterFoliage-MC1.12-2.2.0.jar. This is not recommended, @Mods should be in a separate jar from the coremod.
[17:02:32] [main/WARN] [FML]: The coremod BetterFoliageLoader (mods.betterfoliage.loader.BetterFoliageLoader) is not signed!
[17:02:32] [main/WARN] [FML]: Found FMLCorePluginContainsFMLMod marker in Bloodmoon-MC1.12.2-1.5.3.jar. This is not recommended, @Mods should be in a separate jar from the coremod.
[17:02:32] [main/WARN] [FML]: The coremod lumien.bloodmoon.asm.LoadingPlugin does not have a MCVersion annotation, it may cause issues with this version of Minecraft
[17:02:32] [main/WARN] [FML]: Found FMLCorePluginContainsFMLMod marker in Born+In+A+Barn+V1.8-1.12-1.1.jar. This is not recommended, @Mods should be in a separate jar from the coremod.
[17:02:32] [main/WARN] [FML]: The coremod com.chocohead.biab.BornInABarn does not have a MCVersion annotation, it may cause issues with this version of Minecraft
[17:02:32] [main/WARN] [FML]: The coremod Born in a Barn (com.chocohead.biab.BornInABarn) is not signed!
[17:02:32] [main/WARN] [FML]: Found FMLCorePluginContainsFMLMod marker in ChunkAnimator-MC1.12-1.2.jar. This is not recommended, @Mods should be in a separate jar from the coremod.
[17:02:32] [main/WARN] [FML]: The coremod lumien.chunkanimator.asm.LoadingPlugin does not have a MCVersion annotation, it may cause issues with this version of Minecraft
[17:02:32] [main/WARN] [FML]: The coremod LoadingPlugin (lumien.chunkanimator.asm.LoadingPlugin) is not signed!
[17:02:32] [main/WARN] [FML]: Found FMLCorePluginContainsFMLMod marker in CreativeCore_v1.9.90_mc1.12.2.jar. This is not recommended, @Mods should be in a separate jar from the coremod.
[17:02:32] [main/WARN] [FML]: The coremod com.creativemd.creativecore.core.CreativePatchingLoader does not have a MCVersion annotation, it may cause issues with this version of Minecraft
[17:02:32] [main/WARN] [FML]: The coremod CreativePatchingLoader (com.creativemd.creativecore.core.CreativePatchingLoader) is not signed!
[17:02:32] [main/INFO] [FML]: Loading tweaker org.spongepowered.asm.launch.MixinTweaker from DynamicSurroundings-1.12.2-3.6.1.0.jar
[17:02:32] [main/WARN] [FML]: Found FMLCorePluginContainsFMLMod marker in foamfix-0.10.10-1.12.2.jar. This is not recommended, @Mods should be in a separate jar from the coremod.
[17:02:32] [main/WARN] [FML]: The coremod pl.asie.foamfix.coremod.FoamFixCore does not have a MCVersion annotation, it may cause issues with this version of Minecraft
[17:02:32] [main/WARN] [FML]: Found FMLCorePluginContainsFMLMod marker in ForgeEndertech-1.12.2-4.5.2.0-build.0459.jar. This is not recommended, @Mods should be in a separate jar from the coremod.
[17:02:32] [main/WARN] [FML]: The coremod com.endertech.minecraft.forge.coremod.CorePlugin does not have a MCVersion annotation, it may cause issues with this version of Minecraft
[17:02:32] [main/WARN] [FML]: The coremod CorePlugin (com.endertech.minecraft.forge.coremod.CorePlugin) is not signed!
[17:02:32] [main/WARN] [FML]: Found FMLCorePluginContainsFMLMod marker in Forgelin-1.8.4.jar. This is not recommended, @Mods should be in a separate jar from the coremod.
[17:02:32] [main/WARN] [FML]: The coremod net.shadowfacts.forgelin.preloader.ForgelinPlugin does not have a MCVersion annotation, it may cause issues with this version of Minecraft
[17:02:32] [main/WARN] [FML]: The coremod ForgelinPlugin (net.shadowfacts.forgelin.preloader.ForgelinPlugin) is not signed!
[17:02:32] [main/WARN] [FML]: Found FMLCorePluginContainsFMLMod marker in InventoryTweaks-1.64+dev.151.jar. This is not recommended, @Mods should be in a separate jar from the coremod.
[17:02:32] [main/WARN] [FML]: The coremod invtweaks.forge.asm.FMLPlugin does not have a MCVersion annotation, it may cause issues with this version of Minecraft
[17:02:32] [main/WARN] [FML]: Found FMLCorePluginContainsFMLMod marker in ISeeDragons-0.12.jar. This is not recommended, @Mods should be in a separate jar from the coremod.
[17:02:32] [main/WARN] [FML]: The coremod FMLCorePlugin (io.github.xcube16.iseedragons.FMLCorePlugin) is not signed!
[17:02:32] [main/WARN] [FML]: The coremod com.creativemd.itemphysic.ItemPatchingLoader does not have a MCVersion annotation, it may cause issues with this version of Minecraft
[17:02:32] [main/WARN] [FML]: The coremod ItemPatchingLoader (com.creativemd.itemphysic.ItemPatchingLoader) is not signed!
[17:02:32] [main/WARN] [FML]: The coremod ivorius.ivtoolkit.IvToolkitLoadingPlugin does not have a MCVersion annotation, it may cause issues with this version of Minecraft
[17:02:32] [main/WARN] [FML]: The coremod IvToolkit (ivorius.ivtoolkit.IvToolkitLoadingPlugin) is not signed!
[17:02:32] [main/WARN] [FML]: Found FMLCorePluginContainsFMLMod marker in MultiMine-1.12.2.jar. This is not recommended, @Mods should be in a separate jar from the coremod.
[17:02:32] [main/WARN] [FML]: The coremod atomicstryker.multimine.common.fmlmagic.MMFMLCorePlugin does not have a MCVersion annotation, it may cause issues with this version of Minecraft
[17:02:32] [main/WARN] [FML]: The coremod MMFMLCorePlugin (atomicstryker.multimine.common.fmlmagic.MMFMLCorePlugin) is not signed!
[17:02:32] [main/WARN] [FML]: Found FMLCorePluginContainsFMLMod marker in Reskillable-1.12.2-1.13.0.jar. This is not recommended, @Mods should be in a separate jar from the coremod.
[17:02:32] [main/WARN] [FML]: The coremod codersafterdark.reskillable.base.asm.LoadingPlugin does not have a MCVersion annotation, it may cause issues with this version of Minecraft
[17:02:32] [main/WARN] [FML]: The coremod LoadingPlugin (codersafterdark.reskillable.base.asm.LoadingPlugin) is not signed!
[17:02:32] [main/WARN] [FML]: Found FMLCorePluginContainsFMLMod marker in ResourceLoader-MC1.12.1-1.5.3.jar. This is not recommended, @Mods should be in a separate jar from the coremod.
[17:02:32] [main/WARN] [FML]: The coremod lumien.resourceloader.asm.LoadingPlugin does not have a MCVersion annotation, it may cause issues with this version of Minecraft
[17:02:32] [main/WARN] [FML]: Found FMLCorePluginContainsFMLMod marker in SereneSeasons-1.12.2-1.2.18-universal.jar. This is not recommended, @Mods should be in a separate jar from the coremod.
[17:02:32] [main/WARN] [FML]: The coremod sereneseasons.asm.SSLoadingPlugin does not have a MCVersion annotation, it may cause issues with this version of Minecraft
[17:02:32] [main/WARN] [FML]: The coremod SSLoadingPlugin (sereneseasons.asm.SSLoadingPlugin) is not signed!
[17:02:32] [main/WARN] [FML]: Found FMLCorePluginContainsFMLMod marker in TickProfiler-1.12-0.0.10.jar. This is not recommended, @Mods should be in a separate jar from the coremod.
[17:02:32] [main/WARN] [FML]: The coremod org.minimallycorrect.tickprofiler.minecraft.CoreMod does not have a MCVersion annotation, it may cause issues with this version of Minecraft
[17:02:32] [main/WARN] [FML]: The coremod CoreMod (org.minimallycorrect.tickprofiler.minecraft.CoreMod) is not signed!
[17:02:32] [main/WARN] [FML]: Found FMLCorePluginContainsFMLMod marker in tnt_utilities-mc1.12-1.2.3.jar. This is not recommended, @Mods should be in a separate jar from the coremod.
[17:02:32] [main/WARN] [FML]: The coremod ljfa.tntutils.asm.TntuPlugin does not have a MCVersion annotation, it may cause issues with this version of Minecraft
[17:02:32] [main/INFO] [FML]: Loading tweaker org.spongepowered.asm.launch.MixinTweaker from wolfarmor-1.12.2-3.4.1.1-UNIVERSAL-signed.jar
[17:02:32] [main/INFO] [FML]: Loading tweaker org.spongepowered.asm.launch.MixinTweaker from phosphor-1.12.2-0.2.6+build50-universal.jar
[17:02:32] [main/INFO] [LaunchWrapper]: Loading tweak class name net.minecraftforge.fml.common.launcher.FMLInjectionAndSortingTweaker
[17:02:32] [main/INFO] [LaunchWrapper]: Loading tweak class name org.spongepowered.asm.launch.MixinTweaker
[17:02:32] [main/INFO] [mixin]: SpongePowered MIXIN Subsystem Version=0.8 Source=file:/C:/Users/Rayen/Documents/GitHub/RLCraftLego2/./mods/DynamicSurroundings-1.12.2-3.6.1.0.jar Service=LaunchWrapper Env=SERVER
[17:02:32] [main/INFO] [mixin]: Compatibility level set to JAVA_8
[17:02:32] [main/WARN] [LaunchWrapper]: Tweak class name org.spongepowered.asm.launch.MixinTweaker has already been visited -- skipping
[17:02:32] [main/WARN] [LaunchWrapper]: Tweak class name org.spongepowered.asm.launch.MixinTweaker has already been visited -- skipping
[17:02:32] [main/INFO] [LaunchWrapper]: Loading tweak class name net.minecraftforge.fml.common.launcher.FMLDeobfTweaker
[17:02:32] [main/INFO] [LaunchWrapper]: Calling tweak class net.minecraftforge.fml.common.launcher.FMLInjectionAndSortingTweaker
[17:02:32] [main/INFO] [LaunchWrapper]: Calling tweak class net.minecraftforge.fml.common.launcher.FMLInjectionAndSortingTweaker
[17:02:32] [main/INFO] [LaunchWrapper]: Calling tweak class net.minecraftforge.fml.relauncher.CoreModManager$FMLPluginWrapper
[17:02:32] [main/INFO] [TickProfiler]: TickProfiler v1.12-0.0.10 coremod injectData called, loading patches
[17:02:32] [main/INFO] [ModPatcher]: ModPatcher running under classloader net.minecraft.launchwrapper.LaunchClassLoader
[17:02:32] [main/INFO] [JavaPatcher]: Added patch minecraft: Patcher.ClassPatchDescriptor(name=net.minecraft.world.World, patches=[Patcher.PatchDescriptor(methods=func_72939_s()V, patch=clone), Patcher.PatchDescriptor(methods=func_72939_s()V, patch=insertCodeBefore), Patcher.PatchDescriptor(methods=updateEntities_withProfiling(), patch=replaceMethodCall), Patcher.PatchDescriptor(methods=updateEntities_withProfiling(), patch=replaceMethodCall), Patcher.PatchDescriptor(methods=updateEntities_withProfiling(), patch=replaceMethodCall), Patcher.PatchDescriptor(methods=updateEntities_withProfiling(), patch=replaceMethodCall), Patcher.PatchDescriptor(methods=updateEntities_withProfiling(), patch=replaceMethodCall)])
[17:02:32] [main/INFO] [JavaPatcher]: Added patch minecraft: Patcher.ClassPatchDescriptor(name=net.minecraft.network.play.server.SPacketCustomPayload, patches=[Patcher.PatchDescriptor(methods=, patch=addMethod)])
[17:02:32] [main/INFO] [JavaPatcher]: Added patch minecraft: Patcher.ClassPatchDescriptor(name=net.minecraft.network.NettyPacketEncoder, patches=[Patcher.PatchDescriptor(methods=encode(Lio/netty/channel/ChannelHandlerContext;Lnet/minecraft/network/Packet;Lio/netty/buffer/ByteBuf;)V, patch=replaceMethodCall)])
[17:02:32] [main/INFO] [LaunchWrapper]: Calling tweak class net.minecraftforge.fml.relauncher.CoreModManager$FMLPluginWrapper
[17:02:33] [main/INFO] [FML]: Found valid fingerprint for Minecraft Forge. Certificate fingerprint e3c3d50c7c986df74c645c0ac54639741c90a557
[17:02:33] [main/INFO] [LaunchWrapper]: Calling tweak class net.minecraftforge.fml.relauncher.CoreModManager$FMLPluginWrapper
[17:02:33] [main/INFO] [LaunchWrapper]: Calling tweak class net.minecraftforge.fml.relauncher.CoreModManager$FMLPluginWrapper
[17:02:33] [main/INFO] [LaunchWrapper]: Calling tweak class net.minecraftforge.fml.relauncher.CoreModManager$FMLPluginWrapper
[17:02:33] [main/INFO] [Aroma1997Core]: Finished data injection.
[17:02:33] [main/INFO] [Aroma1997Core]: Finished data injection.
[17:02:33] [main/INFO] [LaunchWrapper]: Calling tweak class net.minecraftforge.fml.relauncher.CoreModManager$FMLPluginWrapper
[17:02:33] [main/INFO] [LaunchWrapper]: Calling tweak class net.minecraftforge.fml.relauncher.CoreModManager$FMLPluginWrapper
[17:02:33] [main/INFO] [LaunchWrapper]: Calling tweak class net.minecraftforge.fml.relauncher.CoreModManager$FMLPluginWrapper
[17:02:33] [main/INFO] [LaunchWrapper]: Calling tweak class net.minecraftforge.fml.relauncher.CoreModManager$FMLPluginWrapper
[17:02:33] [main/INFO] [LaunchWrapper]: Calling tweak class net.minecraftforge.fml.relauncher.CoreModManager$FMLPluginWrapper
[17:02:33] [main/INFO] [LaunchWrapper]: Calling tweak class net.minecraftforge.fml.relauncher.CoreModManager$FMLPluginWrapper
[17:02:33] [main/INFO] [LaunchWrapper]: Calling tweak class net.minecraftforge.fml.relauncher.CoreModManager$FMLPluginWrapper
[17:02:33] [main/INFO] [LaunchWrapper]: Calling tweak class net.minecraftforge.fml.relauncher.CoreModManager$FMLPluginWrapper
[17:02:33] [main/INFO] [LaunchWrapper]: Calling tweak class org.spongepowered.asm.launch.MixinTweaker
[17:02:33] [main/INFO] [mixin]: Initialised Mixin FML Remapper Adapter with net.minecraftforge.fml.common.asm.transformers.deobf.FMLDeobfuscatingRemapper@6014a9ba
[17:02:33] [main/INFO] [LaunchWrapper]: Calling tweak class net.minecraftforge.fml.common.launcher.FMLDeobfTweaker
[17:02:34] [main/INFO] [LaunchWrapper]: Calling tweak class net.minecraftforge.fml.relauncher.CoreModManager$FMLPluginWrapper
[17:02:34] [main/INFO] [LaunchWrapper]: Calling tweak class net.minecraftforge.fml.relauncher.CoreModManager$FMLPluginWrapper
[17:02:34] [main/INFO] [LaunchWrapper]: Calling tweak class net.minecraftforge.fml.relauncher.CoreModManager$FMLPluginWrapper
[17:02:34] [main/INFO] [LaunchWrapper]: Calling tweak class net.minecraftforge.fml.relauncher.CoreModManager$FMLPluginWrapper
[17:02:34] [main/INFO] [LaunchWrapper]: Calling tweak class net.minecraftforge.fml.relauncher.CoreModManager$FMLPluginWrapper
[17:02:34] [main/INFO] [LaunchWrapper]: Calling tweak class net.minecraftforge.fml.relauncher.CoreModManager$FMLPluginWrapper
[17:02:34] [main/INFO] [LaunchWrapper]: Calling tweak class net.minecraftforge.fml.relauncher.CoreModManager$FMLPluginWrapper
[17:02:34] [main/INFO] [LaunchWrapper]: Calling tweak class net.minecraftforge.fml.relauncher.CoreModManager$FMLPluginWrapper
[17:02:34] [main/INFO] [LaunchWrapper]: Calling tweak class net.minecraftforge.fml.relauncher.CoreModManager$FMLPluginWrapper
[17:02:34] [main/INFO] [LaunchWrapper]: Calling tweak class net.minecraftforge.fml.relauncher.CoreModManager$FMLPluginWrapper
[17:02:34] [main/INFO] [LaunchWrapper]: Calling tweak class net.minecraftforge.fml.relauncher.CoreModManager$FMLPluginWrapper
[17:02:34] [main/INFO] [LaunchWrapper]: Loading tweak class name net.minecraftforge.fml.common.launcher.TerminalTweaker
[17:02:34] [main/INFO] [LaunchWrapper]: Loading tweak class name org.minimallycorrect.modpatcher.api.tweaker.ModPatcherTweaker
[17:02:34] [main/INFO] [LaunchWrapper]: Loading tweak class name org.spongepowered.asm.mixin.EnvironmentStateTweaker
[17:02:34] [main/INFO] [LaunchWrapper]: Calling tweak class net.minecraftforge.fml.common.launcher.TerminalTweaker
[17:02:34] [main/INFO] [LaunchWrapper]: Calling tweak class org.minimallycorrect.modpatcher.api.tweaker.ModPatcherTweaker
[17:02:34] [main/INFO] [LaunchWrapper]: Calling tweak class org.spongepowered.asm.mixin.EnvironmentStateTweaker
[17:02:34] [main/INFO] [LaunchWrapper]: Loading tweak class name org.minimallycorrect.modpatcher.api.tweaker.ModPatcherTweaker2
[17:02:34] [main/INFO] [LaunchWrapper]: Calling tweak class org.minimallycorrect.modpatcher.api.tweaker.ModPatcherTweaker2
[17:02:34] [main/INFO] [ModPatcher]: Transformers: [net.minecraftforge.fml.common.asm.transformers.PatchingTransformer@2687725a, org.spongepowered.asm.mixin.transformer.Proxy@5a75ec37, TransformerWrapper(net.minecraftforge.fml.common.asm.transformers.SideTransformer, FMLCorePlugin), TransformerWrapper(net.minecraftforge.fml.common.asm.transformers.EventSubscriptionTransformer, FMLCorePlugin), TransformerWrapper(net.minecraftforge.fml.common.asm.transformers.EventSubscriberTransformer, FMLCorePlugin), TransformerWrapper(net.minecraftforge.fml.common.asm.transformers.SoundEngineFixTransformer, FMLCorePlugin), TransformerWrapper(com.creativemd.itemphysic.ItemTransformer, ItemPatchingLoader), TransformerWrapper(atomicstryker.multimine.common.fmlmagic.MMTransformer, MMFMLCorePlugin), TransformerWrapper(codersafterdark.reskillable.base.asm.ClassTransformer, LoadingPlugin), TransformerWrapper(sereneseasons.asm.transformer.EntityRendererTransformer, SSLoadingPlugin), TransformerWrapper(sereneseasons.asm.transformer.WorldTransformer, SSLoadingPlugin), net.minecraftforge.fml.common.asm.transformers.DeobfuscationTransformer@2c05ff9d, net.minecraftforge.fml.common.asm.transformers.AccessTransformer@33956d1a, pl.asie.foamfix.coremod.FoamFixAT@2e1ddc90, invtweaks.forge.asm.ITAccessTransformer@5b7c8930, net.minecraftforge.fml.common.asm.transformers.ModAccessTransformer@58867cd5, net.minecraftforge.fml.common.asm.transformers.ItemStackTransformer@40e32762, net.minecraftforge.fml.common.asm.transformers.ItemBlockTransformer@5a8ab2, net.minecraftforge.fml.common.asm.transformers.ItemBlockSpecialTransformer@3f50b680, net.minecraftforge.fml.common.asm.transformers.PotionEffectTransformer@54db056b, org.spongepowered.asm.mixin.transformer.Proxy@d5af0a5, TransformerWrapper(lumien.bloodmoon.asm.ClassTransformer, LoadingPlugin), TransformerWrapper(com.chocohead.biab.BornInABarn, Born in a Barn), TransformerWrapper(lumien.chunkanimator.asm.ClassTransformer, LoadingPlugin), TransformerWrapper(pl.asie.foamfix.coremod.FoamFixTransformer, Do not report to Forge! (If you haven't disabled the FoamFix coremod, try disabling it in the config! Note that this bit of text will still appear.)), TransformerWrapper(invtweaks.forge.asm.ContainerTransformer, Inventory Tweaks Coremod), TransformerWrapper(io.github.xcube16.iseedragons.AsmTransformer, FMLCorePlugin), TransformerWrapper(lumien.resourceloader.asm.ClassTransformer, LoadingPlugin), TransformerWrapper(net.ilexiconn.llibrary.server.core.plugin.LLibraryTransformer, llibrary), TransformerWrapper(net.ilexiconn.llibrary.server.core.patcher.LLibraryRuntimePatcher, llibrary), TransformerWrapper(ljfa.tntutils.asm.ExplosionTransformer, TNTUtilities Core), TransformerWrapper(mods.betterfoliage.loader.BetterFoliageTransformer, BetterFoliageLoader), TransformerWrapper(com.enderio.core.common.transform.EnderCoreTransformer, EnderCorePlugin), TransformerWrapper(com.enderio.core.common.transform.SimpleMixinPatcher, EnderCorePlugin), net.minecraftforge.fml.common.asm.transformers.TerminalTransformer@5981f4a6, org.spongepowered.asm.mixin.transformer.Proxy@63dfada0, org.minimallycorrect.modpatcher.api.ModPatcherTransformer$ClassTransformer@6f231ced]
[17:02:34] [main/INFO] [STDOUT]: [pl.asie.patchy.helpers.ConstructorReplacingTransformer$FFMethodVisitor:visitTypeInsn:73]: Replaced NEW for net/minecraft/util/ClassInheritanceMultiMap to pl/asie/foamfix/coremod/common/FoamyClassInheritanceMultiMap
[17:02:34] [main/INFO] [STDOUT]: [pl.asie.patchy.helpers.ConstructorReplacingTransformer$FFMethodVisitor:visitMethodInsn:85]: Replaced INVOKESPECIAL for net/minecraft/util/ClassInheritanceMultiMap to pl/asie/foamfix/coremod/common/FoamyClassInheritanceMultiMap
[17:02:34] [main/INFO] [mixin]: A re-entrant transformer '$wrapper.pl.asie.foamfix.coremod.FoamFixTransformer' was detected and will no longer process meta class data
[17:02:34] [main/INFO] [EnderCore ASM]: Transforming Class [net.minecraft.world.chunk.storage.ExtendedBlockStorage], Method [func_76663_a]
[17:02:34] [main/INFO] [EnderCore ASM]: Transforming net.minecraft.world.chunk.storage.ExtendedBlockStorage Finished.
[17:02:34] [main/INFO] [mixin]: A re-entrant transformer '$wrapper.sereneseasons.asm.transformer.WorldTransformer' was detected and will no longer process meta class data
[17:02:34] [main/INFO] [mixin]: A re-entrant transformer '$wrapper.lumien.bloodmoon.asm.ClassTransformer' was detected and will no longer process meta class data
[17:02:34] [main/INFO] [STDOUT]: [pl.asie.foamfix.coremod.FoamFixTransformer:spliceClasses:98]: Added INTERFACE: pl/asie/foamfix/coremod/patches/IFoamFixWorldRemovable
[17:02:34] [main/INFO] [STDOUT]: [pl.asie.foamfix.coremod.FoamFixTransformer:spliceClasses:135]: Added METHOD: net.minecraft.world.World.foamfix_removeUnloadedEntities
[17:02:34] [main/WARN] [JavaPatcher]: Didn't find any method calls to replace in net.minecraft.world.World.updateEntities_withProfiling(). Class: null, method: redirect$onUpdateTileEntities$, index: -1
[17:02:34] [main/WARN] [JavaPatcher]: Didn't find any method calls to replace in net.minecraft.world.World.updateEntities_withProfiling(). Class: null, method: redirect$tileEntityUpdate$, index: -1
[17:02:34] [main/WARN] [JavaPatcher]: Didn't find any method calls to replace in net.minecraft.world.World.updateEntities_withProfiling(). Class: null, method: redirect$updateEntity$, index: -1
[17:02:34] [main/INFO] [STDOUT]: [pl.asie.foamfix.coremod.patches.WorldServerRemovalPatch:apply:62]: Patched updateEntities in net/minecraft/world/WorldServer func_72939_s
[17:02:35] [main/INFO] [EnderCore ASM]: Transforming net.minecraft.entity.player.EntityPlayer finished, added func_184613_cA() overriding EntityLivingBase
[17:02:35] [main/INFO] [ISeeDragons]: ATTEMPTING TO PATCH net.minecraft.advancements.AdvancementManager!
[17:02:35] [main/INFO] [ISeeDragons]: Patched net.minecraft.advancements.AdvancementManager
[17:02:35] [main/INFO] [LaunchWrapper]: Launching wrapped minecraft {net.minecraft.server.MinecraftServer}
[17:02:35] [main/INFO] [STDOUT]: [com.creativemd.creativecore.transformer.CreativeTransformer:transform:49]: [itemphysic] Patched net.minecraft.entity.item.EntityItem ...
[17:02:35] [main/INFO] [STDOUT]: [com.creativemd.creativecore.transformer.CreativeTransformer:transform:49]: [itemphysic] Patched net.minecraft.entity.item.EntityItem ...
[17:02:35] [main/INFO] [STDOUT]: [pl.asie.foamfix.coremod.FoamFixTransformer:spliceClasses:111]: Spliced in METHOD: net.minecraft.block.state.BlockStateContainer.createState
[17:02:35] [main/INFO] [STDOUT]: [pl.asie.foamfix.coremod.FoamFixTransformer:spliceClasses:111]: Spliced in METHOD: net.minecraft.block.properties.PropertyEnum.equals
[17:02:35] [main/INFO] [STDOUT]: [pl.asie.foamfix.coremod.FoamFixTransformer:spliceClasses:111]: Spliced in METHOD: net.minecraft.block.properties.PropertyEnum.hashCode
[17:02:35] [main/INFO] [STDOUT]: [pl.asie.foamfix.coremod.FoamFixTransformer:spliceClasses:158]: Added FIELD: net.minecraft.block.properties.PropertyEnum.foamfix_hashCode
[17:02:35] [main/INFO] [STDOUT]: [pl.asie.foamfix.coremod.FoamFixTransformer:spliceClasses:158]: Added FIELD: net.minecraft.block.properties.PropertyEnum.foamfix_hashCode_calced
[17:02:35] [main/INFO] [STDOUT]: [pl.asie.foamfix.coremod.FoamFixTransformer:spliceClasses:111]: Spliced in METHOD: net.minecraft.block.properties.PropertyInteger.hashCode
[17:02:35] [main/INFO] [STDOUT]: [pl.asie.foamfix.coremod.FoamFixTransformer:spliceClasses:158]: Added FIELD: net.minecraft.block.properties.PropertyInteger.foamfix_hashCode
[17:02:35] [main/INFO] [STDOUT]: [pl.asie.foamfix.coremod.FoamFixTransformer:spliceClasses:158]: Added FIELD: net.minecraft.block.properties.PropertyInteger.foamfix_hashCode_calced
[17:02:35] [main/INFO] [STDOUT]: [pl.asie.foamfix.coremod.FoamFixTransformer:spliceClasses:111]: Spliced in METHOD: net.minecraft.block.properties.PropertyBool.equals
[17:02:35] [main/INFO] [STDOUT]: [pl.asie.foamfix.coremod.FoamFixTransformer:spliceClasses:111]: Spliced in METHOD: net.minecraft.block.properties.PropertyBool.hashCode
[17:02:35] [main/INFO] [STDOUT]: [pl.asie.foamfix.coremod.FoamFixTransformer:spliceClasses:111]: Spliced in METHOD: net.minecraft.tileentity.TileEntity.func_190559_a
[17:02:35] [main/INFO] [STDOUT]: [pl.asie.foamfix.coremod.FoamFixTransformer:spliceClasses:111]: Spliced in METHOD: net.minecraft.block.BlockBed.func_189540_a
[17:02:35] [main/INFO] [STDOUT]: [pl.asie.patchy.helpers.ConstructorReplacingTransformer$FFMethodVisitor:visitTypeInsn:73]: Replaced NEW for net/minecraft/tileentity/TileEntityHopper to pl/asie/foamfix/common/TileEntityFasterHopper
[17:02:35] [main/INFO] [STDOUT]: [pl.asie.patchy.helpers.ConstructorReplacingTransformer$FFMethodVisitor:visitMethodInsn:85]: Replaced INVOKESPECIAL for net/minecraft/tileentity/TileEntityHopper to pl/asie/foamfix/common/TileEntityFasterHopper
[17:02:36] [main/INFO] [EnderCore ASM]: Transforming Class [net.minecraft.entity.item.EntityItemFrame], Method [func_184230_a]
[17:02:36] [main/INFO] [EnderCore ASM]: Transforming net.minecraft.entity.item.EntityItemFrame Finished.
[17:02:36] [main/INFO] [STDOUT]: [pl.asie.foamfix.coremod.FoamFixTransformer:spliceClasses:98]: Added INTERFACE: pl/asie/foamfix/api/IFoamFixMobSpawnerLogic
[17:02:36] [main/INFO] [STDOUT]: [pl.asie.foamfix.coremod.FoamFixTransformer:spliceClasses:111]: Spliced in METHOD: net.minecraft.tileentity.MobSpawnerBaseLogic.func_98279_f
[17:02:36] [main/INFO] [STDOUT]: [pl.asie.foamfix.coremod.FoamFixTransformer:spliceClasses:158]: Added FIELD: net.minecraft.tileentity.MobSpawnerBaseLogic.foamfix_activatedCache
[17:02:36] [main/INFO] [STDOUT]: [pl.asie.foamfix.coremod.FoamFixTransformer:spliceClasses:158]: Added FIELD: net.minecraft.tileentity.MobSpawnerBaseLogic.foamfix_activatedCachePESize
[17:02:36] [main/INFO] [STDOUT]: [pl.asie.foamfix.coremod.FoamFixTransformer:spliceClasses:158]: Added FIELD: net.minecraft.tileentity.MobSpawnerBaseLogic.foamfix_activatedCacheTime
[17:02:36] [main/INFO] [STDOUT]: [pl.asie.foamfix.coremod.FoamFixTransformer:spliceClasses:158]: Added FIELD: net.minecraft.tileentity.MobSpawnerBaseLogic.foamfix_forcedCache
[17:02:36] [main/INFO] [STDOUT]: [pl.asie.foamfix.coremod.FoamFixTransformer:spliceClasses:158]: Added FIELD: net.minecraft.tileentity.MobSpawnerBaseLogic.foamfix_forcedCacheTime
[17:02:36] [main/INFO] [EnderCore ASM]: Transforming Class [net.minecraft.entity.ai.EntityAICreeperSwell], Method [func_75246_d]
[17:02:36] [main/INFO] [EnderCore ASM]: Transforming net.minecraft.entity.ai.EntityAICreeperSwell Finished.
[17:02:36] [main/INFO] [EnderCore ASM]: Transforming net.minecraft.entity.player.EntityPlayer finished, added func_184613_cA() overriding EntityLivingBase
[17:02:36] [main/INFO] [STDOUT]: [com.creativemd.creativecore.transformer.CreativeTransformer:transform:49]: [itemphysic] Patched net.minecraft.entity.item.EntityItem ...
[17:02:36] [main/INFO] [STDOUT]: [com.creativemd.creativecore.transformer.CreativeTransformer:transform:49]: [itemphysic] Patched net.minecraft.entity.item.EntityItem ...
[17:02:37] [main/INFO] [EnderCore ASM]: Transforming Class [net.minecraft.inventory.ContainerFurnace], Method [func_82846_b]
[17:02:37] [main/INFO] [EnderCore ASM]: Transforming net.minecraft.inventory.ContainerFurnace Finished.
[17:02:37] [Server thread/INFO] [net.minecraft.server.dedicated.DedicatedServer]: Starting minecraft server version 1.12.2
[17:02:37] [Server thread/INFO] [FML]: MinecraftForge v14.23.5.2855 Initialized
[17:02:37] [Server thread/INFO] [FML]: Starts to replace vanilla recipe ingredients with ore ingredients.
[17:02:37] [Server thread/INFO] [FML]: Invalid recipe found with multiple oredict ingredients in the same ingredient...
[17:02:37] [Server thread/INFO] [FML]: Replaced 1227 ore ingredients
[17:02:37] [Server thread/INFO] [ISeeDragons]: ATTEMPTING TO PATCH net.minecraftforge.common.ForgeHooks!
[17:02:37] [Server thread/INFO] [ISeeDragons]: Patched net.minecraftforge.common.ForgeHooks
[17:02:37] [Server thread/WARN] [FML]: Enabling removal of erroring Entities - USE AT YOUR OWN RISK
[17:02:37] [Server thread/WARN] [FML]: Enabling removal of erroring Tile Entities - USE AT YOUR OWN RISK
[17:02:37] [Server thread/INFO] [FML]: Searching C:\Users\Rayen\Documents\GitHub\RLCraftLego2\.\mods for mods
[17:02:37] [Server thread/INFO] [FML]: Disabling mod antiqueatlasoverlay it is client side only.
[17:02:38] [Server thread/WARN] [FML]: Mod aroma1997core is missing the required element 'version' and a version.properties file could not be found. Falling back to metadata version 2.0.0.2
[17:02:38] [Server thread/WARN] [FML]: Mod aroma1997sdimension is missing the required element 'version' and a version.properties file could not be found. Falling back to metadata version 2.0.0.2
[17:02:38] [Server thread/INFO] [FML]: Disabling mod baubleshud it is client side only.
[17:02:38] [Server thread/INFO] [FML]: Disabling mod betterfoliage it is client side only.
[17:02:38] [Server thread/WARN] [FML]: Mod chickenchunks is missing the required element 'version' and a version.properties file could not be found. Falling back to metadata version 2.4.2.74
[17:02:38] [Server thread/INFO] [FML]: Disabling mod chunkanimator it is client side only.
[17:02:38] [Server thread/WARN] [FML]: Mod codechickenlib is missing the required element 'version' and a version.properties file could not be found. Falling back to metadata version 3.2.3.358
[17:02:38] [Server thread/WARN] [FML]: Mod craftablechainmail is missing the required element 'version' and a version.properties file could not be found. Falling back to metadata version 1.0
[17:02:38] [Server thread/INFO] [FML]: Disabling mod ctgui it is client side only.
[17:02:38] [Server thread/INFO] [FML]: Disabling mod custommainmenu it is client side only.
[17:02:38] [Server thread/INFO] [FML]: Disabling mod enchdesc it is client side only.
[17:02:38] [Server thread/WARN] [FML]: Mod enhancedvisuals is missing the required element 'version' and no fallback can be found. Substituting '1.0'.
[17:02:38] [Server thread/INFO] [FML]: Disabling mod fbp it is client side only.
[17:02:39] [Server thread/INFO] [FML]: Disabling mod loadingscreens it is client side only.
[17:02:39] [Server thread/INFO] [FML]: Disabling mod mainmenuscale it is client side only.
[17:02:39] [Server thread/INFO] [FML]: Disabling mod mousetweaks it is client side only.
[17:02:39] [Server thread/INFO] [FML]: Disabling mod neat it is client side only.
[17:02:39] [Server thread/INFO] [FML]: Disabling mod resourceloader it is client side only.
[17:02:39] [Server thread/INFO] [FML]: Disabling mod soundfilters it is client side only.
